#
# There is insufficient memory for the Java Runtime Environment to continue.
# Native memory allocation (malloc) failed to allocate 1034896 bytes for Chunk::new
# Possible reasons:
#   The system is out of physical RAM or swap space
#   The process is running with CompressedOops enabled, and the Java Heap may be blocking the growth of the native heap
# Possible solutions:
#   Reduce memory load on the system
#   Increase physical memory or swap space
#   Check if swap backing store is full
#   Decrease Java heap size (-Xmx/-Xms)
#   Decrease number of Java threads
#   Decrease Java thread stack sizes (-Xss)
#   Set larger code cache with -XX:ReservedCodeCacheSize=
#   JVM is running with Unscaled Compressed Oops mode in which the Java heap is
#     placed in the first 4GB address space. The Java Heap base address is the
#     maximum limit for the native heap growth. Please use -XX:HeapBaseMinAddress
#     to set the Java Heap base and to place the Java Heap above 4GB virtual address.
# This output file may be truncated or incomplete.
#
#  Out of Memory Error (allocation.cpp:389), pid=7512, tid=0x00000000000016c8
#
# JRE version: OpenJDK Runtime Environment (8.0_202-b03) (build 1.8.0_202-release-1483-b03)
# Java VM: OpenJDK 64-Bit Server VM (25.202-b03 mixed mode windows-amd64 compressed oops)
# Failed to write core dump. Minidumps are not enabled by default on client versions of Windows
#

---------------  T H R E A D  ---------------

Current thread (0x0000000016721000):  JavaThread "C2 CompilerThread1" daemon [_thread_in_native, id=5832, stack(0x0000000017e70000,0x0000000017f70000)]

Stack: [0x0000000017e70000,0x0000000017f70000]
[error occurred during error reporting (printing stack bounds), id 0xc0000005]

Native frames: (J=compiled Java code, j=interpreted, Vv=VM code, C=native code)


Current CompileTask:
C2: 966032 13175       4       com.google.common.collect.SparseImmutableTable::<init> (519 bytes)


---------------  P R O C E S S  ---------------

Java Threads: ( => current thread )
  0x000000001fe4c800 JavaThread "stdout" [_thread_in_native, id=13368, stack(0x00000000253f0000,0x00000000254f0000)]
  0x000000001fe53000 JavaThread "stderr" [_thread_in_native, id=12516, stack(0x00000000252f0000,0x00000000253f0000)]
  0x000000001fe4b800 JavaThread "pool-9-thread-1" [_thread_blocked, id=8172, stack(0x0000000024ee0000,0x0000000024fe0000)]
  0x000000001fe52800 JavaThread "WorkerExecutor Queue Thread 2" [_thread_blocked, id=6756, stack(0x0000000024be0000,0x0000000024ce0000)]
  0x000000001fe4b000 JavaThread "WorkerExecutor Queue" [_thread_in_Java, id=5576, stack(0x0000000024ae0000,0x0000000024be0000)]
  0x000000001fe4a000 JavaThread "Cache worker for execution history cache (C:\Users\User\AndroidStudioProjects\UumEatIt\.gradle\5.4.1\executionHistory)" [_thread_blocked, id=1080, stack(0x00000000249e0000,0x0000000024ae0000)]
  0x000000001fe4f800 JavaThread "Execution worker for ':' Thread 3" [_thread_blocked, id=8136, stack(0x00000000248e0000,0x00000000249e0000)]
  0x000000001cf81800 JavaThread "Execution worker for ':' Thread 2" [_thread_blocked, id=7520, stack(0x00000000243e0000,0x00000000244e0000)]
  0x000000001cf80800 JavaThread "Execution worker for ':'" [_thread_blocked, id=11796, stack(0x00000000240e0000,0x00000000241e0000)]
  0x000000001cf80000 JavaThread "Cache worker for file content cache (C:\Users\User\AndroidStudioProjects\UumEatIt\.gradle\5.4.1\fileContent)" [_thread_blocked, id=12284, stack(0x00000000237a0000,0x00000000238a0000)]
  0x000000001cf7f000 JavaThread "Cache worker for Build Output Cleanup Cache (C:\Users\User\AndroidStudioProjects\UumEatIt\.gradle\buildOutputCleanup)" [_thread_blocked, id=13932, stack(0x00000000230d0000,0x00000000231d0000)]
  0x000000001cf7e800 JavaThread "pool-8-thread-1" [_thread_blocked, id=8656, stack(0x00000000214d0000,0x00000000215d0000)]
  0x000000001cf7d800 JavaThread "Build operations Thread 4" [_thread_blocked, id=2244, stack(0x0000000020da0000,0x0000000020ea0000)]
  0x000000001cf7d000 JavaThread "Build operations Thread 3" [_thread_blocked, id=1512, stack(0x0000000020ca0000,0x0000000020da0000)]
  0x000000001cf74800 JavaThread "Build operations Thread 2" [_thread_blocked, id=3320, stack(0x0000000020ba0000,0x0000000020ca0000)]
  0x000000001cf7a800 JavaThread "Build operations" [_thread_blocked, id=10272, stack(0x0000000020aa0000,0x0000000020ba0000)]
  0x000000001cf7a000 JavaThread "Cache worker for cache directory md-rule (C:\Users\User\.gradle\caches\5.4.1\md-rule)" [_thread_blocked, id=10964, stack(0x00000000209a0000,0x0000000020aa0000)]
  0x000000001cf73000 JavaThread "Cache worker for cache directory md-supplier (C:\Users\User\.gradle\caches\5.4.1\md-supplier)" [_thread_blocked, id=11324, stack(0x00000000204a0000,0x00000000205a0000)]
  0x000000001cf79000 JavaThread "Cache worker for file hash cache (C:\Users\User\AndroidStudioProjects\UumEatIt\.gradle\5.4.1\fileHashes)" [_thread_blocked, id=14272, stack(0x000000001ee30000,0x000000001ef30000)]
  0x000000001cf76000 JavaThread "Thread-96" [_thread_blocked, id=10804, stack(0x000000001e730000,0x000000001e830000)]
  0x000000001cf75800 JavaThread "Stdin handler" [_thread_blocked, id=14168, stack(0x000000001afc0000,0x000000001b0c0000)]
  0x000000001cf78800 JavaThread "Asynchronous log dispatcher for DefaultDaemonConnection: socket connection from /127.0.0.1:62629 to /127.0.0.1:62781" [_thread_blocked, id=9160, stack(0x000000001acc0000,0x000000001adc0000)]
  0x000000001cf77800 JavaThread "Cancel handler" [_thread_blocked, id=14248, stack(0x0000000001210000,0x0000000001310000)]
  0x000000001cf74000 JavaThread "Handler for socket connection from /127.0.0.1:62629 to /127.0.0.1:62781" [_thread_in_native, id=2248, stack(0x0000000001110000,0x0000000001210000)]
  0x000000001fe4e800 JavaThread "Daemon worker Thread 4" [_thread_blocked, id=4956, stack(0x000000001a7c0000,0x000000001a8c0000)]
  0x000000001fe4e000 JavaThread "Daemon Thread 4" [_thread_blocked, id=13140, stack(0x0000000001010000,0x0000000001110000)]
  0x000000001cf77000 JavaThread "Cache worker for file content cache (C:\Users\User\.gradle\caches\5.4.1\fileContent)" [_thread_blocked, id=14308, stack(0x00000000234b0000,0x00000000235b0000)]
  0x000000001c7e0800 JavaThread "Memory manager" [_thread_blocked, id=14164, stack(0x00000000217d0000,0x00000000218d0000)]
  0x000000001c7da800 JavaThread "Cache worker for execution history cache (C:\Users\User\.gradle\caches\5.4.1\executionHistory)" [_thread_blocked, id=1356, stack(0x0000000020120000,0x0000000020220000)]
  0x0000000017f71000 JavaThread "Cache worker for journal cache (C:\Users\User\.gradle\caches\journal-1)" [_thread_blocked, id=9808, stack(0x000000001b2c0000,0x000000001b3c0000)]
  0x0000000017f77000 JavaThread "File lock request listener" [_thread_in_native, id=9184, stack(0x000000001b1c0000,0x000000001b2c0000)]
  0x0000000017f76800 JavaThread "Cache worker for file hash cache (C:\Users\User\.gradle\caches\5.4.1\fileHashes)" [_thread_blocked, id=5008, stack(0x000000001b0c0000,0x000000001b1c0000)]
  0x00000000196dd000 JavaThread "Daemon periodic checks" [_thread_blocked, id=3272, stack(0x000000001a6c0000,0x000000001a7c0000)]
  0x00000000196da800 JavaThread "Incoming local TCP Connector on port 62629" [_thread_in_native, id=3848, stack(0x000000001a480000,0x000000001a580000)]
  0x0000000019627800 JavaThread "Daemon health stats" [_thread_blocked, id=13916, stack(0x0000000019e40000,0x0000000019f40000)]
  0x000000001677e000 JavaThread "Service Thread" daemon [_thread_blocked, id=7956, stack(0x0000000018470000,0x0000000018570000)]
  0x0000000017f75800 JavaThread "C1 CompilerThread2" daemon [_thread_blocked, id=1252, stack(0x0000000018370000,0x0000000018470000)]
=>0x0000000016721000 JavaThread "C2 CompilerThread1" daemon [_thread_in_native, id=5832, stack(0x0000000017e70000,0x0000000017f70000)]
  0x000000001671c800 JavaThread "C2 CompilerThread0" daemon [_thread_blocked, id=7500, stack(0x0000000017d70000,0x0000000017e70000)]
  0x000000001671b000 JavaThread "Attach Listener" daemon [_thread_blocked, id=11884, stack(0x0000000017c70000,0x0000000017d70000)]
  0x000000001671a000 JavaThread "Signal Dispatcher" daemon [_thread_blocked, id=2676, stack(0x0000000017b70000,0x0000000017c70000)]
  0x0000000002da6800 JavaThread "Finalizer" daemon [_thread_blocked, id=4288, stack(0x0000000017970000,0x0000000017a70000)]
  0x0000000016709000 JavaThread "Reference Handler" daemon [_thread_blocked, id=8932, stack(0x0000000017870000,0x0000000017970000)]
  0x0000000002c8e800 JavaThread "main" [_thread_blocked, id=8768, stack(0x0000000002b50000,0x0000000002c50000)]

Other Threads:
  0x00000000166e6800 VMThread [stack: 0x0000000017770000,0x0000000017870000] [id=7016]
  0x0000000017f79800 WatcherThread [stack: 0x0000000018570000,0x0000000018670000] [id=7332]

VM state:not at safepoint (normal execution)

VM Mutex/Monitor currently owned by a thread: None

heap address: 0x00000000a0000000, size: 1536 MB, Compressed Oops mode: 32-bit
Narrow klass base: 0x0000000000000000, Narrow klass shift: 3
Compressed class space size: 1073741824 Address: 0x0000000100000000

Heap:
 PSYoungGen      total 256512K, used 35542K [0x00000000e0000000, 0x00000000f3f00000, 0x0000000100000000)
  eden space 221184K, 2% used [0x00000000e0000000,0x00000000e0671880,0x00000000ed800000)
  from space 35328K, 81% used [0x00000000ed800000,0x00000000ef444118,0x00000000efa80000)
  to   space 38400K, 0% used [0x00000000f1980000,0x00000000f1980000,0x00000000f3f00000)
 ParOldGen       total 156160K, used 87231K [0x00000000a0000000, 0x00000000a9880000, 0x00000000e0000000)
  object space 156160K, 55% used [0x00000000a0000000,0x00000000a552fea8,0x00000000a9880000)
 Metaspace       used 75776K, capacity 78722K, committed 78936K, reserved 1118208K
  class space    used 9893K, capacity 10569K, committed 10624K, reserved 1048576K

Card table byte_map: [0x0000000012170000,0x0000000012480000] byte_map_base: 0x0000000011c70000

Marking Bits: (ParMarkBitMap*) 0x000000006b7f9f30
 Begin Bits: [0x0000000012a80000, 0x0000000014280000)
 End Bits:   [0x0000000014280000, 0x0000000015a80000)

Polling page: 0x0000000001350000

CodeCache: size=245760Kb used=36003Kb max_used=36003Kb free=209756Kb
 bounds [0x0000000002db0000, 0x0000000005110000, 0x0000000011db0000]
 total_blobs=11641 nmethods=10794 adapters=759
 compilation: enabled

Compilation events (10 events):
Event: 964.615 Thread 0x0000000017f75800 13174       3       com.android.ide.common.symbols.SymbolTable::filter (176 bytes)
Event: 964.628 Thread 0x0000000017f75800 nmethod 13174 0x00000000050f0990 code [0x00000000050f0f80, 0x00000000050f4a88]
Event: 965.000 Thread 0x000000001671c800 nmethod 13161% 0x00000000050fcdd0 code [0x00000000050fd240, 0x00000000051017a8]
Event: 965.103 Thread 0x0000000016721000 13175       4       com.google.common.collect.SparseImmutableTable::<init> (519 bytes)
Event: 965.468 Thread 0x000000001671c800 13176       4       com.google.common.collect.ImmutableSet::construct (89 bytes)
Event: 965.561 Thread 0x000000001671c800 nmethod 13176 0x00000000050fa050 code [0x00000000050fa2a0, 0x00000000050fb470]
Event: 965.562 Thread 0x0000000017f75800 13177       3       com.google.common.collect.ImmutableList::copyOf (44 bytes)
Event: 965.563 Thread 0x0000000017f75800 nmethod 13177 0x00000000050e8d10 code [0x00000000050e8f20, 0x00000000050e98a8]
Event: 965.784 Thread 0x0000000017f75800 13178       3       java.nio.DirectByteBuffer::put (269 bytes)
Event: 965.787 Thread 0x0000000017f75800 nmethod 13178 0x00000000050f8950 code [0x00000000050f8b80, 0x00000000050f9bd8]

GC Heap History (10 events):
Event: 138.721 GC heap before
{Heap before GC invocations=23 (full 3):
 PSYoungGen      total 206848K, used 202729K [0x00000000e0000000, 0x00000000ef880000, 0x0000000100000000)
  eden space 191488K, 97% used [0x00000000e0000000,0x00000000eb6fe3a8,0x00000000ebb00000)
  from space 15360K, 99% used [0x00000000ebb00000,0x00000000ec9fc0a0,0x00000000eca00000)
  to   space 19968K, 0% used [0x00000000ee500000,0x00000000ee500000,0x00000000ef880000)
 ParOldGen       total 78336K, used 51409K [0x00000000a0000000, 0x00000000a4c80000, 0x00000000e0000000)
  object space 78336K, 65% used [0x00000000a0000000,0x00000000a32347c0,0x00000000a4c80000)
 Metaspace       used 70843K, capacity 73392K, committed 73688K, reserved 1114112K
  class space    used 9304K, capacity 9886K, committed 9984K, reserved 1048576K
Event: 138.791 GC heap after
Heap after GC invocations=23 (full 3):
 PSYoungGen      total 217600K, used 19956K [0x00000000e0000000, 0x00000000f1d00000, 0x0000000100000000)
  eden space 197632K, 0% used [0x00000000e0000000,0x00000000e0000000,0x00000000ec100000)
  from space 19968K, 99% used [0x00000000ee500000,0x00000000ef87d3e0,0x00000000ef880000)
  to   space 36864K, 0% used [0x00000000ec100000,0x00000000ec100000,0x00000000ee500000)
 ParOldGen       total 87552K, used 87501K [0x00000000a0000000, 0x00000000a5580000, 0x00000000e0000000)
  object space 87552K, 99% used [0x00000000a0000000,0x00000000a5573748,0x00000000a5580000)
 Metaspace       used 70843K, capacity 73392K, committed 73688K, reserved 1114112K
  class space    used 9304K, capacity 9886K, committed 9984K, reserved 1048576K
}
Event: 138.792 GC heap before
{Heap before GC invocations=24 (full 4):
 PSYoungGen      total 217600K, used 19956K [0x00000000e0000000, 0x00000000f1d00000, 0x0000000100000000)
  eden space 197632K, 0% used [0x00000000e0000000,0x00000000e0000000,0x00000000ec100000)
  from space 19968K, 99% used [0x00000000ee500000,0x00000000ef87d3e0,0x00000000ef880000)
  to   space 36864K, 0% used [0x00000000ec100000,0x00000000ec100000,0x00000000ee500000)
 ParOldGen       total 87552K, used 87501K [0x00000000a0000000, 0x00000000a5580000, 0x00000000e0000000)
  object space 87552K, 99% used [0x00000000a0000000,0x00000000a5573748,0x00000000a5580000)
 Metaspace       used 70843K, capacity 73392K, committed 73688K, reserved 1114112K
  class space    used 9304K, capacity 9886K, committed 9984K, reserved 1048576K
Event: 139.549 GC heap after
Heap after GC invocations=24 (full 4):
 PSYoungGen      total 217600K, used 4276K [0x00000000e0000000, 0x00000000f1d00000, 0x0000000100000000)
  eden space 197632K, 0% used [0x00000000e0000000,0x00000000e0000000,0x00000000ec100000)
  from space 19968K, 21% used [0x00000000ee500000,0x00000000ee92d0b0,0x00000000ef880000)
  to   space 36864K, 0% used [0x00000000ec100000,0x00000000ec100000,0x00000000ee500000)
 ParOldGen       total 156160K, used 86946K [0x00000000a0000000, 0x00000000a9880000, 0x00000000e0000000)
  object space 156160K, 55% used [0x00000000a0000000,0x00000000a54e8ad0,0x00000000a9880000)
 Metaspace       used 70754K, capacity 73130K, committed 73688K, reserved 1114112K
  class space    used 9277K, capacity 9837K, committed 9984K, reserved 1048576K
}
Event: 737.309 GC heap before
{Heap before GC invocations=25 (full 4):
 PSYoungGen      total 217600K, used 201908K [0x00000000e0000000, 0x00000000f1d00000, 0x0000000100000000)
  eden space 197632K, 100% used [0x00000000e0000000,0x00000000ec100000,0x00000000ec100000)
  from space 19968K, 21% used [0x00000000ee500000,0x00000000ee92d0b0,0x00000000ef880000)
  to   space 36864K, 0% used [0x00000000ec100000,0x00000000ec100000,0x00000000ee500000)
 ParOldGen       total 156160K, used 86981K [0x00000000a0000000, 0x00000000a9880000, 0x00000000e0000000)
  object space 156160K, 55% used [0x00000000a0000000,0x00000000a54f1438,0x00000000a9880000)
 Metaspace       used 73576K, capacity 76308K, committed 76376K, reserved 1116160K
  class space    used 9686K, capacity 10300K, committed 10368K, reserved 1048576K
Event: 738.351 GC heap after
Heap after GC invocations=25 (full 4):
 PSYoungGen      total 234496K, used 17684K [0x00000000e0000000, 0x00000000f2100000, 0x0000000100000000)
  eden space 197632K, 0% used [0x00000000e0000000,0x00000000e0000000,0x00000000ec100000)
  from space 36864K, 47% used [0x00000000ec100000,0x00000000ed245018,0x00000000ee500000)
  to   space 35840K, 0% used [0x00000000efe00000,0x00000000efe00000,0x00000000f2100000)
 ParOldGen       total 156160K, used 87215K [0x00000000a0000000, 0x00000000a9880000, 0x00000000e0000000)
  object space 156160K, 55% used [0x00000000a0000000,0x00000000a552bea8,0x00000000a9880000)
 Metaspace       used 73576K, capacity 76308K, committed 76376K, reserved 1116160K
  class space    used 9686K, capacity 10300K, committed 10368K, reserved 1048576K
}
Event: 911.344 GC heap before
{Heap before GC invocations=26 (full 4):
 PSYoungGen      total 234496K, used 215316K [0x00000000e0000000, 0x00000000f2100000, 0x0000000100000000)
  eden space 197632K, 100% used [0x00000000e0000000,0x00000000ec100000,0x00000000ec100000)
  from space 36864K, 47% used [0x00000000ec100000,0x00000000ed245018,0x00000000ee500000)
  to   space 35840K, 0% used [0x00000000efe00000,0x00000000efe00000,0x00000000f2100000)
 ParOldGen       total 156160K, used 87215K [0x00000000a0000000, 0x00000000a9880000, 0x00000000e0000000)
  object space 156160K, 55% used [0x00000000a0000000,0x00000000a552bea8,0x00000000a9880000)
 Metaspace       used 75202K, capacity 77958K, committed 78168K, reserved 1116160K
  class space    used 9856K, capacity 10499K, committed 10624K, reserved 1048576K
Event: 912.011 GC heap after
Heap after GC invocations=26 (full 4):
 PSYoungGen      total 252928K, used 16796K [0x00000000e0000000, 0x00000000f1d00000, 0x0000000100000000)
  eden space 221184K, 0% used [0x00000000e0000000,0x00000000e0000000,0x00000000ed800000)
  from space 31744K, 52% used [0x00000000efe00000,0x00000000f0e67238,0x00000000f1d00000)
  to   space 35328K, 0% used [0x00000000ed800000,0x00000000ed800000,0x00000000efa80000)
 ParOldGen       total 156160K, used 87223K [0x00000000a0000000, 0x00000000a9880000, 0x00000000e0000000)
  object space 156160K, 55% used [0x00000000a0000000,0x00000000a552dea8,0x00000000a9880000)
 Metaspace       used 75202K, capacity 77958K, committed 78168K, reserved 1116160K
  class space    used 9856K, capacity 10499K, committed 10624K, reserved 1048576K
}
Event: 963.708 GC heap before
{Heap before GC invocations=27 (full 4):
 PSYoungGen      total 252928K, used 237980K [0x00000000e0000000, 0x00000000f1d00000, 0x0000000100000000)
  eden space 221184K, 100% used [0x00000000e0000000,0x00000000ed800000,0x00000000ed800000)
  from space 31744K, 52% used [0x00000000efe00000,0x00000000f0e67238,0x00000000f1d00000)
  to   space 35328K, 0% used [0x00000000ed800000,0x00000000ed800000,0x00000000efa80000)
 ParOldGen       total 156160K, used 87223K [0x00000000a0000000, 0x00000000a9880000, 0x00000000e0000000)
  object space 156160K, 55% used [0x00000000a0000000,0x00000000a552dea8,0x00000000a9880000)
 Metaspace       used 75770K, capacity 78722K, committed 78936K, reserved 1118208K
  class space    used 9893K, capacity 10569K, committed 10624K, reserved 1048576K
Event: 964.389 GC heap after
Heap after GC invocations=27 (full 4):
 PSYoungGen      total 256512K, used 28944K [0x00000000e0000000, 0x00000000f3f00000, 0x0000000100000000)
  eden space 221184K, 0% used [0x00000000e0000000,0x00000000e0000000,0x00000000ed800000)
  from space 35328K, 81% used [0x00000000ed800000,0x00000000ef444118,0x00000000efa80000)
  to   space 38400K, 0% used [0x00000000f1980000,0x00000000f1980000,0x00000000f3f00000)
 ParOldGen       total 156160K, used 87231K [0x00000000a0000000, 0x00000000a9880000, 0x00000000e0000000)
  object space 156160K, 55% used [0x00000000a0000000,0x00000000a552fea8,0x00000000a9880000)
 Metaspace       used 75770K, capacity 78722K, committed 78936K, reserved 1118208K
  class space    used 9893K, capacity 10569K, committed 10624K, reserved 1048576K
}

Deoptimization events (10 events):
Event: 941.281 Thread 0x000000001fe4e800 Uncommon trap: reason=class_check action=maybe_recompile pc=0x0000000004e798c8 method=com.google.gson.stream.JsonWriter.beforeValue()V @ 111
Event: 941.281 Thread 0x000000001fe4e800 Uncommon trap: reason=class_check action=maybe_recompile pc=0x0000000004e798c8 method=com.google.gson.stream.JsonWriter.beforeValue()V @ 111
Event: 941.281 Thread 0x000000001fe4e800 Uncommon trap: reason=class_check action=maybe_recompile pc=0x0000000004e798c8 method=com.google.gson.stream.JsonWriter.beforeValue()V @ 111
Event: 943.155 Thread 0x000000001fe4e800 Uncommon trap: reason=unstable_if action=reinterpret pc=0x0000000004bb3e84 method=com.google.common.cache.LongAdder.add(J)V @ 6
Event: 944.657 Thread 0x000000001cf76000 Uncommon trap: reason=unstable_if action=reinterpret pc=0x0000000004bd77a0 method=sun.nio.ch.IOUtil.writeFromNativeBuffer(Ljava/io/FileDescriptor;Ljava/nio/ByteBuffer;JLsun/nio/ch/NativeDispatcher;)I @ 121
Event: 944.657 Thread 0x000000001cf76000 Uncommon trap: reason=unstable_if action=reinterpret pc=0x0000000004bd3244 method=org.gradle.internal.remote.internal.inet.SocketConnection$SocketOutputStream.writeWithNonBlockingRetry()I @ 41
Event: 944.683 Thread 0x000000001cf76000 Uncommon trap: reason=unstable_if action=reinterpret pc=0x0000000004bbf264 method=sun.nio.ch.IOUtil.writeFromNativeBuffer(Ljava/io/FileDescriptor;Ljava/nio/ByteBuffer;JLsun/nio/ch/NativeDispatcher;)I @ 121
Event: 945.594 Thread 0x000000001fe4e800 Uncommon trap: reason=array_check action=maybe_recompile pc=0x000000000338ce38 method=java.util.TimSort.reverseRange([Ljava/lang/Object;II)V @ 20
Event: 945.892 Thread 0x000000001fe4b000 Uncommon trap: reason=array_check action=maybe_recompile pc=0x000000000338ce38 method=java.util.TimSort.reverseRange([Ljava/lang/Object;II)V @ 20
Event: 963.024 Thread 0x000000001fe4b000 Uncommon trap: reason=null_check action=make_not_entrant pc=0x000000000430766c method=sun.nio.fs.NativeBuffers.releaseNativeBuffer(Lsun/nio/fs/NativeBuffer;)V @ 6

Classes redefined (0 events):
No events

Internal exceptions (10 events):
Event: 922.271 Thread 0x000000001fe4e800 Exception <a 'sun/nio/fs/WindowsException'> (0x00000000e452c3f0) thrown at [D:\src\AOSP-openjdk-cygwin\jdk8u\hotspot\src\share\vm\prims\jni.cpp, line 710]
Event: 937.704 Thread 0x000000001fe4e800 Exception <a 'java/lang/NoSuchMethodError': <clinit>> (0x00000000e48adaa8) thrown at [D:\src\AOSP-openjdk-cygwin\jdk8u\hotspot\src\share\vm\prims\jni.cpp, line 1614]
Event: 937.833 Thread 0x000000001fe4e800 Exception <a 'java/lang/NoSuchMethodError': <clinit>> (0x00000000e48fbc80) thrown at [D:\src\AOSP-openjdk-cygwin\jdk8u\hotspot\src\share\vm\prims\jni.cpp, line 1614]
Event: 937.962 Thread 0x000000001fe4e800 Exception <a 'java/lang/NoSuchMethodError': <clinit>> (0x00000000e4a182b0) thrown at [D:\src\AOSP-openjdk-cygwin\jdk8u\hotspot\src\share\vm\prims\jni.cpp, line 1614]
Event: 937.963 Thread 0x000000001fe4e800 Exception <a 'java/lang/NoSuchMethodError': <clinit>> (0x00000000e4a1c110) thrown at [D:\src\AOSP-openjdk-cygwin\jdk8u\hotspot\src\share\vm\prims\jni.cpp, line 1614]
Event: 937.963 Thread 0x000000001fe4e800 Exception <a 'java/lang/NoSuchMethodError': <clinit>> (0x00000000e4a1db98) thrown at [D:\src\AOSP-openjdk-cygwin\jdk8u\hotspot\src\share\vm\prims\jni.cpp, line 1614]
Event: 937.963 Thread 0x000000001fe4e800 Exception <a 'java/lang/NoSuchMethodError': <clinit>> (0x00000000e4a1f2e8) thrown at [D:\src\AOSP-openjdk-cygwin\jdk8u\hotspot\src\share\vm\prims\jni.cpp, line 1614]
Event: 937.964 Thread 0x000000001fe4e800 Exception <a 'java/lang/NoSuchMethodError': <clinit>> (0x00000000e4a208e8) thrown at [D:\src\AOSP-openjdk-cygwin\jdk8u\hotspot\src\share\vm\prims\jni.cpp, line 1614]
Event: 938.842 Thread 0x000000001fe4e800 Exception <a 'sun/nio/fs/WindowsException'> (0x00000000e53eb7a0) thrown at [D:\src\AOSP-openjdk-cygwin\jdk8u\hotspot\src\share\vm\prims\jni.cpp, line 710]
Event: 963.024 Thread 0x000000001fe4b000 Implicit null exception at 0x0000000004307322 to 0x000000000430765c

Events (10 events):
Event: 963.708 Executing VM operation: ParallelGCFailedAllocation
Event: 964.389 Executing VM operation: ParallelGCFailedAllocation done
Event: 964.495 Thread 0x000000001fe4b000 DEOPT PACKING pc=0x00000000048648e1 sp=0x0000000024bde050
Event: 964.495 Thread 0x000000001fe4b000 DEOPT UNPACKING pc=0x0000000002df75d0 sp=0x0000000024bddec0 mode 0
Event: 965.464 Thread 0x000000001fe4b000 DEOPT PACKING pc=0x00000000048648e1 sp=0x0000000024bddf20
Event: 965.464 Thread 0x000000001fe4b000 DEOPT UNPACKING pc=0x0000000002df75d0 sp=0x0000000024bddd90 mode 0
Event: 965.490 Thread 0x000000001fe4b000 DEOPT PACKING pc=0x00000000047f5e1e sp=0x0000000024bde030
Event: 965.490 Thread 0x000000001fe4b000 DEOPT UNPACKING pc=0x0000000002df75d0 sp=0x0000000024bdddd0 mode 0
Event: 965.563 Thread 0x000000001fe4b000 DEOPT PACKING pc=0x00000000032a4e73 sp=0x0000000024bde120
Event: 965.563 Thread 0x000000001fe4b000 DEOPT UNPACKING pc=0x0000000002df75d0 sp=0x0000000024bddd68 mode 0


Dynamic libraries:
0x00007ff685bb0000 - 0x00007ff685be1000 	C:\Program Files\Android\Android Studio\jre\bin\java.exe
0x00007ffe21640000 - 0x00007ffe21830000 	C:\WINDOWS\SYSTEM32\ntdll.dll
0x00007ffe1fc10000 - 0x00007ffe1fcc2000 	C:\WINDOWS\System32\KERNEL32.DLL
0x00007ffe1e7b0000 - 0x00007ffe1ea53000 	C:\WINDOWS\System32\KERNELBASE.dll
0x00007ffe21550000 - 0x00007ffe215f3000 	C:\WINDOWS\System32\ADVAPI32.dll
0x00007ffe1fa10000 - 0x00007ffe1faae000 	C:\WINDOWS\System32\msvcrt.dll
0x00007ffe20780000 - 0x00007ffe20817000 	C:\WINDOWS\System32\sechost.dll
0x00007ffe20820000 - 0x00007ffe20940000 	C:\WINDOWS\System32\RPCRT4.dll
0x00007ffe20dd0000 - 0x00007ffe20f64000 	C:\WINDOWS\System32\USER32.dll
0x00007ffe1e5d0000 - 0x00007ffe1e5f1000 	C:\WINDOWS\System32\win32u.dll
0x00007ffe213e0000 - 0x00007ffe21406000 	C:\WINDOWS\System32\GDI32.dll
0x00007ffe1eb40000 - 0x00007ffe1ecd4000 	C:\WINDOWS\System32\gdi32full.dll
0x00007ffe1ee30000 - 0x00007ffe1eece000 	C:\WINDOWS\System32\msvcp_win.dll
0x00007ffe1e600000 - 0x00007ffe1e6fa000 	C:\WINDOWS\System32\ucrtbase.dll
0x00007ffe0e970000 - 0x00007ffe0ebf5000 	C:\WINDOWS\WinSxS\amd64_microsoft.windows.common-controls_6595b64144ccf1df_6.0.18362.476_none_e6c4b11b130f2595\COMCTL32.dll
0x00007ffe20940000 - 0x00007ffe20c76000 	C:\WINDOWS\System32\combase.dll
0x00007ffe1eed0000 - 0x00007ffe1ef50000 	C:\WINDOWS\System32\bcryptPrimitives.dll
0x00007ffe1fb60000 - 0x00007ffe1fb8e000 	C:\WINDOWS\System32\IMM32.DLL
0x000000006af50000 - 0x000000006b022000 	C:\Program Files\Android\Android Studio\jre\jre\bin\msvcr100.dll
0x000000006b030000 - 0x000000006b876000 	C:\Program Files\Android\Android Studio\jre\jre\bin\server\jvm.dll
0x00007ffe1f760000 - 0x00007ffe1f768000 	C:\WINDOWS\System32\PSAPI.DLL
0x00007ffe1d020000 - 0x00007ffe1d029000 	C:\WINDOWS\SYSTEM32\WSOCK32.dll
0x00007ffe20660000 - 0x00007ffe206cf000 	C:\WINDOWS\System32\WS2_32.dll
0x00007ffe1adf0000 - 0x00007ffe1ae14000 	C:\WINDOWS\SYSTEM32\WINMM.dll
0x00007ffe196a0000 - 0x00007ffe196aa000 	C:\WINDOWS\SYSTEM32\VERSION.dll
0x00007ffe1adc0000 - 0x00007ffe1aded000 	C:\WINDOWS\SYSTEM32\WINMMBASE.dll
0x00007ffe1e700000 - 0x00007ffe1e74a000 	C:\WINDOWS\System32\cfgmgr32.dll
0x00007ffe1aa30000 - 0x00007ffe1aa3f000 	C:\Program Files\Android\Android Studio\jre\jre\bin\verify.dll
0x00007ffe0ff70000 - 0x00007ffe0ff99000 	C:\Program Files\Android\Android Studio\jre\jre\bin\java.dll
0x00007ffe170b0000 - 0x00007ffe170c6000 	C:\Program Files\Android\Android Studio\jre\jre\bin\zip.dll
0x00007ffe1fe90000 - 0x00007ffe20575000 	C:\WINDOWS\System32\SHELL32.dll
0x00007ffe206d0000 - 0x00007ffe20779000 	C:\WINDOWS\System32\shcore.dll
0x00007ffe1ef50000 - 0x00007ffe1f6ce000 	C:\WINDOWS\System32\windows.storage.dll
0x00007ffe1e520000 - 0x00007ffe1e53f000 	C:\WINDOWS\System32\profapi.dll
0x00007ffe1e580000 - 0x00007ffe1e5ca000 	C:\WINDOWS\System32\powrprof.dll
0x00007ffe1e510000 - 0x00007ffe1e520000 	C:\WINDOWS\System32\UMPDC.dll
0x00007ffe20d70000 - 0x00007ffe20dc2000 	C:\WINDOWS\System32\shlwapi.dll
0x00007ffe1e560000 - 0x00007ffe1e571000 	C:\WINDOWS\System32\kernel.appcore.dll
0x00007ffe1f6d0000 - 0x00007ffe1f6e7000 	C:\WINDOWS\System32\cryptsp.dll
0x00007ffe16d70000 - 0x00007ffe16d8a000 	C:\Program Files\Android\Android Studio\jre\jre\bin\net.dll
0x00007ffe1dd80000 - 0x00007ffe1dde7000 	C:\WINDOWS\system32\mswsock.dll
0x00007ffe169d0000 - 0x00007ffe169e1000 	C:\Program Files\Android\Android Studio\jre\jre\bin\nio.dll
0x00007ffe0d300000 - 0x00007ffe0d326000 	C:\Users\User\.gradle\native\29\windows-amd64\native-platform.dll
0x00007ffe18b80000 - 0x00007ffe18b8d000 	C:\Program Files\Android\Android Studio\jre\jre\bin\management.dll
0x00007ffe1d8f0000 - 0x00007ffe1d923000 	C:\WINDOWS\system32\rsaenh.dll
0x00007ffe1ea60000 - 0x00007ffe1ea86000 	C:\WINDOWS\System32\bcrypt.dll
0x00007ffe1e430000 - 0x00007ffe1e455000 	C:\WINDOWS\SYSTEM32\USERENV.dll
0x00007ffe1df50000 - 0x00007ffe1df5c000 	C:\WINDOWS\SYSTEM32\CRYPTBASE.dll
0x00007ffe1da90000 - 0x00007ffe1daca000 	C:\WINDOWS\SYSTEM32\IPHLPAPI.DLL
0x00007ffe1fa00000 - 0x00007ffe1fa08000 	C:\WINDOWS\System32\NSI.dll
0x00007ffe11240000 - 0x00007ffe11256000 	C:\WINDOWS\SYSTEM32\dhcpcsvc6.DLL
0x00007ffe11370000 - 0x00007ffe1138c000 	C:\WINDOWS\SYSTEM32\dhcpcsvc.DLL
0x00007ffe1dad0000 - 0x00007ffe1db9a000 	C:\WINDOWS\SYSTEM32\DNSAPI.dll
0x00007ffe13290000 - 0x00007ffe132b4000 	C:\Program Files\Android\Android Studio\jre\jre\bin\sunec.dll
0x00007ffe0e4e0000 - 0x00007ffe0e4ea000 	C:\Windows\System32\rasadhlp.dll
0x00007ffe101b0000 - 0x00007ffe10227000 	C:\WINDOWS\System32\fwpuclnt.dll
0x00007ffe19160000 - 0x00007ffe1916b000 	C:\Program Files\Android\Android Studio\jre\jre\bin\sunmscapi.dll
0x00007ffe1ece0000 - 0x00007ffe1ee29000 	C:\WINDOWS\System32\CRYPT32.dll
0x00007ffe1e540000 - 0x00007ffe1e552000 	C:\WINDOWS\System32\MSASN1.dll

VM Arguments:
jvm_args: -Xmx1536m -Dfile.encoding=windows-1252 -Duser.country=MY -Duser.language=en -Duser.variant 
java_command: org.gradle.launcher.daemon.bootstrap.GradleDaemon 5.4.1
java_class_path (initial): C:\Users\User\.gradle\wrapper\dists\gradle-5.4.1-all\3221gyojl5jsh0helicew7rwx\gradle-5.4.1\lib\gradle-launcher-5.4.1.jar
Launcher Type: SUN_STANDARD

Environment Variables:
PATH=C:\Program Files (x86)\Intel\iCLS Client\;C:\Program Files\Intel\iCLS Client\;C:\Windows\system32;C:\Windows;C:\Windows\System32\Wbem;C:\Windows\System32\WindowsPowerShell\v1.0\;C:\Windows\System32\OpenSSH\;C:\Program Files (x86)\NVIDIA Corporation\PhysX\Common;C:\Program Files\NVIDIA Corporation\NVIDIA NvDLISR;C:\Program Files (x86)\Intel\Intel(R) Management Engine Components\DAL;C:\Program Files\Intel\Intel(R) Management Engine Components\DAL;C:\Program Files (x86)\Intel\Intel(R) Management Engine Components\IPT;C:\Program Files\Intel\Intel(R) Management Engine Components\IPT;C:\Program Files (x86)\Skype\Phone\;%SystemRoot%\system32;%SystemRoot%;%SystemRoot%\System32\Wbem;%SYSTEMROOT%\System32\WindowsPowerShell\v1.0\;%SYSTEMROOT%\System32\OpenSSH\;C:\Users\User\AppData\Local\Microsoft\WindowsApps;
USERNAME=User
OS=Windows_NT
PROCESSOR_IDENTIFIER=Intel64 Family 6 Model 61 Stepping 4, GenuineIntel



---------------  S Y S T E M  ---------------

OS: Windows 10.0 , 64 bit Build 18362 (10.0.18362.329)

CPU:total 4 (initial active 4) (2 cores per cpu, 2 threads per core) family 6 model 61 stepping 4, cmov, cx8, fxsr, mmx, sse, sse2, sse3, ssse3, sse4.1, sse4.2, popcnt, avx, avx2, aes, clmul, erms, 3dnowpref, lzcnt, ht, tsc, tscinvbit, bmi1, bmi2, adx

Memory: 4k page, physical 4094336k(234924k free), swap 16677248k(2020k free)

vm_info: OpenJDK 64-Bit Server VM (25.202-b03) for windows-amd64 JRE (1.8.0_202-release-1483-b03), built by "builder" with MS VC++ 10.0 (VS2010)

time: Tue Dec 10 00:02:07 2019
timezone: Malay Peninsula Standard Time
elapsed time: 966 seconds (0d 0h 16m 6s)

